SF:lib/models/list_item.dart
DA:5,4
DA:7,2
DA:9,2
DA:10,4
LF:4
LH:4
end_of_record
SF:lib/models/list_items_model.dart
DA:11,6
DA:13,6
DA:15,2
DA:16,4
DA:17,2
DA:20,2
DA:21,2
DA:22,2
DA:25,2
DA:26,4
DA:27,2
LF:11
LH:11
end_of_record
SF:lib/main.dart
DA:6,0
DA:7,0
DA:11,1
DA:13,1
DA:14,2
DA:15,1
DA:16,2
DA:18,1
DA:20,1
LF:9
LH:7
end_of_record
SF:lib/screens/list_items_screen.dart
DA:8,1
DA:9,1
DA:10,1
DA:12,1
DA:13,1
DA:14,1
DA:15,1
DA:16,1
DA:19,1
DA:20,1
DA:21,1
DA:22,1
DA:24,1
DA:25,1
DA:26,1
DA:28,1
DA:34,1
DA:36,1
DA:37,1
DA:41,1
DA:42,1
DA:48,1
DA:50,1
DA:51,1
DA:53,1
DA:59,1
DA:61,1
DA:62,2
DA:64,1
DA:65,1
DA:66,1
DA:67,1
DA:68,2
DA:69,1
DA:76,1
DA:78,1
DA:79,1
DA:80,1
DA:81,1
DA:82,1
DA:83,1
DA:84,1
DA:85,1
DA:86,1
DA:95,2
LF:45
LH:45
end_of_record
SF:lib/screens/add_list_item_screen.dart
DA:8,1
DA:9,1
DA:16,1
DA:19,3
DA:20,2
DA:21,2
DA:23,1
DA:24,4
DA:25,1
DA:28,1
DA:29,1
DA:30,1
DA:31,1
DA:32,1
DA:34,1
DA:35,1
DA:36,1
DA:39,1
DA:41,1
DA:42,1
DA:45,1
DA:50,1
DA:53,1
DA:54,2
DA:55,1
DA:59,1
DA:62,1
LF:27
LH:27
end_of_record
SF:lib/widgets/rounded_button.dart
DA:8,1
DA:14,1
DA:16,1
DA:17,1
DA:18,1
DA:19,1
DA:20,1
DA:22,1
DA:23,1
DA:26,1
DA:27,1
DA:28,1
LF:12
LH:12
end_of_record
SF:lib/widgets/list_items_list.dart
DA:7,1
DA:9,1
DA:10,1
DA:11,1
DA:12,1
DA:13,1
DA:14,2
DA:15,1
DA:16,1
DA:18,1
DA:20,1
DA:21,1
DA:23,1
DA:24,1
DA:28,1
DA:29,1
DA:30,2
DA:31,4
DA:33,1
DA:34,1
DA:35,1
DA:36,1
DA:37,1
DA:39,0
DA:40,0
DA:45,1
DA:52,2
DA:54,1
LF:28
LH:26
end_of_record
SF:lib/widgets/list_item_tile.dart
DA:9,1
DA:16,1
DA:18,1
DA:19,1
DA:20,0
DA:21,0
DA:23,1
DA:24,1
DA:25,1
DA:27,1
DA:32,1
DA:33,2
DA:34,1
DA:35,1
LF:14
LH:12
end_of_record
