SF:lib/models/task.dart
DA:5,4
DA:7,2
DA:9,2
DA:10,4
LF:4
LH:4
end_of_record
SF:lib/models/tasks_model.dart
DA:9,6
DA:11,6
DA:13,2
DA:14,4
DA:15,2
DA:18,2
DA:19,2
DA:20,2
DA:23,2
DA:24,4
DA:25,2
LF:11
LH:11
end_of_record
SF:lib/main.dart
DA:6,0
DA:7,0
DA:11,1
DA:13,1
DA:14,2
DA:15,1
DA:16,2
DA:19,1
LF:8
LH:6
end_of_record
SF:lib/screens/tasks_screen.dart
DA:8,1
DA:11,2
DA:13,1
DA:15,1
DA:17,1
DA:18,1
DA:19,1
DA:22,2
DA:23,1
DA:24,1
DA:25,3
DA:27,1
DA:33,1
DA:35,1
DA:36,1
DA:37,1
DA:43,1
DA:45,1
DA:46,1
DA:48,1
DA:54,1
DA:55,3
DA:56,1
DA:64,1
DA:65,1
DA:66,1
DA:67,1
DA:69,1
DA:70,1
DA:71,1
DA:74,1
LF:31
LH:31
end_of_record
SF:lib/screens/add_task_screen.dart
DA:7,1
DA:11,2
DA:13,1
DA:14,1
DA:15,1
DA:16,1
DA:17,1
DA:19,1
DA:20,1
DA:21,1
DA:24,1
DA:26,1
DA:27,1
DA:30,1
DA:35,1
DA:38,1
DA:42,1
DA:45,1
DA:46,1
DA:47,3
DA:48,1
DA:50,1
DA:52,1
LF:23
LH:23
end_of_record
SF:lib/widgets/tasks_list.dart
DA:7,1
DA:9,1
DA:10,1
DA:11,1
DA:12,1
DA:13,1
DA:14,2
DA:15,1
DA:16,2
DA:18,1
DA:20,1
DA:21,1
DA:23,1
DA:24,1
DA:28,1
DA:29,1
DA:30,2
DA:31,4
DA:33,1
DA:34,1
DA:35,1
DA:36,1
DA:37,1
DA:39,0
DA:40,0
DA:45,1
DA:50,2
DA:52,1
LF:28
LH:26
end_of_record
SF:lib/widgets/task_tile.dart
DA:9,1
DA:16,1
DA:18,1
DA:19,1
DA:20,0
DA:21,0
DA:23,1
DA:24,1
DA:25,1
DA:27,1
DA:32,1
DA:33,2
DA:34,1
DA:35,1
LF:14
LH:12
end_of_record
